{"devicePlatform":"","logFolder":"c:\\data\\katalon-projects\\python-test\\Reports\\TS_RegressionTest\\20180702_095637","runData":{"hostName":"haimnguyen - 3KR8462.mshome.net","os":"Windows 10 64bit","katalonVersion":"5.4.2.1","browser":"Chrome 67.0.3396.99","hostAddress":"172.22.134.33","sessionId":"706e20e983a63f78c29b05cbf12ad3c5","seleniumVersion":"3.7.1","proxyInformation":"ProxyInformation{proxyOption\u003dNO_PROXY, proxyServerType\u003dHTTP, password\u003d, proxyServerAddress\u003d, proxyServerPort\u003d0}","platform":"Windows 10"},"type":"TEST_SUITE","name":"TS_RegressionTest","id":"Test Suites/TS_RegressionTest","source":"","message":"Test Cases/Main Test Cases/TC2_Verify Successful Appointment FAILED because (of) Unable to click on object \u0027Object Repository/Page_CuraHomepage/btn_MakeAppointment\u0027 (Root cause: com.kms.katalon.core.webui.exception.WebElementNotFoundException: Web element with id: \u0027Object Repository/Page_CuraHomepage/btn_MakeAppointment\u0027 located by \u0027By.xpath: //*[@id \u003d \u0027btn-make-appointment\u0027]\u0027 not found)","description":"","startTime":1530500199411,"endTime":1530500379268,"childRecords":[{"isOptional":false,"type":"TEST_CASE","name":"Test Cases/Main Test Cases/TC1_Verify Successful Login","id":"Test Cases/Main Test Cases/TC1_Verify Successful Login","source":"c:\\\\data\\\\katalon-projects\\\\python-test\\\\Test Cases\\\\Main Test Cases\\\\TC1_Verify Successful Login.tc","message":"Test Cases/Main Test Cases/TC1_Verify Successful Login","description":"Verify if users can login successful. \\n\\nSteps:\\n- Click on \u0027Book Appointment\u0027 button to login\\n- Input username and password\\n- Click on \u0027Login\u0027 button\\n\\nExpected result:\\n\u0027Appointment\u0027 section is displayed after successful login","startTime":1530500199875,"endTime":1530500209529,"childRecords":[{"testStatus":{"stackTrace":"","statusValue":"INFO"},"type":"MESSAGE","name":"","message":"Evaluating variables for test case","startTime":1530500199911,"endTime":0,"childRecords":[],"interuppted":false},{"testStatus":{"stackTrace":"","statusValue":"INFO"},"type":"MESSAGE","name":"","message":"Variable \u0027Username\u0027 is set to John Doe as default","startTime":1530500199978,"endTime":0,"childRecords":[],"interuppted":false},{"testStatus":{"stackTrace":"","statusValue":"INFO"},"type":"MESSAGE","name":"","message":"Variable \u0027Password\u0027 is set to ThisIsNotAPassword as default","startTime":1530500199998,"endTime":0,"childRecords":[],"interuppted":false},{"index":1,"isIgnoredIfFailed":false,"type":"TEST_STEP","name":"comment","message":"Story: Login to CURA system","description":"","startTime":1530500200353,"endTime":1530500200433,"childRecords":[],"interuppted":false},{"index":2,"isIgnoredIfFailed":false,"type":"TEST_STEP","name":"comment","message":"Given that the user has the valid login information","description":"","startTime":1530500200442,"endTime":1530500200446,"childRecords":[],"interuppted":false},{"index":3,"isIgnoredIfFailed":false,"type":"TEST_STEP","name":"openBrowser","message":"Browser is opened with url: \u0027http://demoaut.katalon.com\u0027","description":"","startTime":1530500200446,"endTime":1530500206804,"childRecords":[{"testStatus":{"stackTrace":"","statusValue":"PASSED"},"type":"MESSAGE","name":"","message":"Browser is opened with url: \u0027http://demoaut.katalon.com\u0027","startTime":1530500206803,"endTime":0,"childRecords":[],"interuppted":false}],"interuppted":false},{"index":4,"isIgnoredIfFailed":false,"type":"TEST_STEP","name":"click","message":"Object: \u0027Object Repository/Page_CuraHomepage/btn_MakeAppointment\u0027 is clicked on","description":"","startTime":1530500206805,"endTime":1530500207431,"childRecords":[{"testStatus":{"stackTrace":"","statusValue":"PASSED"},"type":"MESSAGE","name":"","message":"Object: \u0027Object Repository/Page_CuraHomepage/btn_MakeAppointment\u0027 is clicked on","startTime":1530500207429,"endTime":0,"childRecords":[],"interuppted":false}],"interuppted":false},{"index":5,"isIgnoredIfFailed":false,"type":"TEST_STEP","name":"setText","message":"Text \u0027John Doe\u0027 is set on object \u0027Object Repository/Page_Login/txt_UserName\u0027","description":"","startTime":1530500207431,"endTime":1530500207678,"childRecords":[{"testStatus":{"stackTrace":"","statusValue":"PASSED"},"type":"MESSAGE","name":"","message":"Text \u0027John Doe\u0027 is set on object \u0027Object Repository/Page_Login/txt_UserName\u0027","startTime":1530500207678,"endTime":0,"childRecords":[],"interuppted":false}],"interuppted":false},{"index":6,"isIgnoredIfFailed":false,"type":"TEST_STEP","name":"setText","message":"Text \u0027ThisIsNotAPassword\u0027 is set on object \u0027Object Repository/Page_Login/txt_Password\u0027","description":"","startTime":1530500207679,"endTime":1530500207994,"childRecords":[{"testStatus":{"stackTrace":"","statusValue":"PASSED"},"type":"MESSAGE","name":"","message":"Text \u0027ThisIsNotAPassword\u0027 is set on object \u0027Object Repository/Page_Login/txt_Password\u0027","startTime":1530500207992,"endTime":0,"childRecords":[],"interuppted":false}],"interuppted":false},{"index":7,"isIgnoredIfFailed":false,"type":"TEST_STEP","name":"comment","message":"When he logins to CURA system","description":"","startTime":1530500207994,"endTime":1530500207995,"childRecords":[],"interuppted":false},{"index":8,"isIgnoredIfFailed":false,"type":"TEST_STEP","name":"click","message":"Object: \u0027Object Repository/Page_Login/btn_Login\u0027 is clicked on","description":"","startTime":1530500207996,"endTime":1530500208741,"childRecords":[{"testStatus":{"stackTrace":"","statusValue":"PASSED"},"type":"MESSAGE","name":"","message":"Object: \u0027Object Repository/Page_Login/btn_Login\u0027 is clicked on","startTime":1530500208740,"endTime":0,"childRecords":[],"interuppted":false}],"interuppted":false},{"index":9,"isIgnoredIfFailed":false,"type":"TEST_STEP","name":"comment","message":"Then he should be able to login successfully","description":"","startTime":1530500208742,"endTime":1530500208743,"childRecords":[],"interuppted":false},{"index":10,"isIgnoredIfFailed":false,"type":"TEST_STEP","name":"Statement - landingPage \u003d com.kms.katalon.core.webui.keyword.WebUiBuiltInKeywords.verifyElementPresent(com.kms.katalon.core.testobject.ObjectRepository.findTestObject(Page_CuraAppointment/div_Appointment), G_Timeout)","message":"Object \u0027Object Repository/Page_CuraAppointment/div_Appointment\u0027 is present","description":"","startTime":1530500208743,"endTime":1530500208794,"childRecords":[{"testStatus":{"stackTrace":"","statusValue":"PASSED"},"type":"MESSAGE","name":"","message":"Object \u0027Object Repository/Page_CuraAppointment/div_Appointment\u0027 is present","startTime":1530500208794,"endTime":0,"childRecords":[],"interuppted":false}],"interuppted":false},{"index":11,"isIgnoredIfFailed":false,"type":"TEST_STEP","name":"closeBrowser","message":"Browser is closed","description":"","startTime":1530500208795,"endTime":1530500209528,"childRecords":[{"testStatus":{"stackTrace":"","statusValue":"PASSED"},"type":"MESSAGE","name":"","message":"Browser is closed","startTime":1530500209528,"endTime":0,"childRecords":[],"interuppted":false}],"interuppted":false},{"testStatus":{"stackTrace":"","statusValue":"PASSED"},"type":"MESSAGE","name":"","message":"Test Cases/Main Test Cases/TC1_Verify Successful Login","startTime":1530500209529,"endTime":0,"childRecords":[],"interuppted":false}],"interuppted":false},{"isOptional":false,"type":"TEST_CASE","name":"Test Cases/Main Test Cases/TC2_Verify Successful Appointment","id":"Test Cases/Main Test Cases/TC2_Verify Successful Appointment","source":"c:\\\\data\\\\katalon-projects\\\\python-test\\\\Test Cases\\\\Main Test Cases\\\\TC2_Verify Successful Appointment.tc","message":"Test Cases/Main Test Cases/TC2_Verify Successful Appointment FAILED because (of) Unable to click on object \u0027Object Repository/Page_CuraHomepage/btn_MakeAppointment\u0027 (Root cause: com.kms.katalon.core.webui.exception.WebElementNotFoundException: Web element with id: \u0027Object Repository/Page_CuraHomepage/btn_MakeAppointment\u0027 located by \u0027By.xpath: //*[@id \u003d \u0027btn-make-appointment\u0027]\u0027 not found)","description":"Verify if users can book an appointment sucessfully.\\nPre-condition: Users have already logged in\\n\\nSteps:\\n- Fill in appoinment\u0027s information\\n- Click on appointment\u0027s button\\n\\nExpected results:\\nAppointment Confirmation page is displayed","startTime":1530500209533,"endTime":1530500273121,"childRecords":[{"testStatus":{"stackTrace":"","statusValue":"INFO"},"type":"MESSAGE","name":"","message":"Evaluating variables for test case","startTime":1530500209557,"endTime":0,"childRecords":[],"interuppted":false},{"index":1,"isIgnoredIfFailed":false,"type":"TEST_STEP","name":"comment","message":"Story: Book an appointment","description":"","startTime":1530500209755,"endTime":1530500209758,"childRecords":[],"interuppted":false},{"index":2,"isIgnoredIfFailed":false,"type":"TEST_STEP","name":"comment","message":"Given that the user has logged into their account","description":"","startTime":1530500209759,"endTime":1530500209760,"childRecords":[],"interuppted":false},{"index":3,"isIgnoredIfFailed":false,"type":"TEST_STEP","name":"openBrowser","message":"Browser is opened with url: \u0027http://demoaut.katalon.com\u0027","description":"","startTime":1530500209760,"endTime":1530500241976,"childRecords":[{"testStatus":{"stackTrace":"","statusValue":"PASSED"},"type":"MESSAGE","name":"","message":"Browser is opened with url: \u0027http://demoaut.katalon.com\u0027","startTime":1530500241975,"endTime":0,"childRecords":[],"interuppted":false}],"interuppted":false},{"index":4,"isIgnoredIfFailed":false,"type":"TEST_STEP","name":"callTestCase","message":"Unable to call Test Case with id \u0027Test Cases/Common Test Cases/Login\u0027 (Root cause: Call Test Case \u0027Test Cases/Common Test Cases/Login\u0027 failed)","description":"","startTime":1530500241977,"endTime":1530500273119,"childRecords":[{"isOptional":false,"type":"TEST_CASE","name":"Test Cases/Common Test Cases/Login","id":"Test Cases/Common Test Cases/Login","source":"c:\\\\data\\\\katalon-projects\\\\python-test\\\\Test Cases\\\\Common Test Cases\\\\Login.tc","message":"Test Cases/Common Test Cases/Login FAILED because (of) Unable to click on object \u0027Object Repository/Page_CuraHomepage/btn_MakeAppointment\u0027 (Root cause: com.kms.katalon.core.webui.exception.WebElementNotFoundException: Web element with id: \u0027Object Repository/Page_CuraHomepage/btn_MakeAppointment\u0027 located by \u0027By.xpath: //*[@id \u003d \u0027btn-make-appointment\u0027]\u0027 not found)","description":"Common test case used to login. \\nSteps:\\n- Click on \u0027Book Appointment\u0027 button to login\\n- Input username and password\\n- Click on \u0027Login\u0027 button\\n\\nExpected result:\\n\u0027Appointment\u0027 section is displayed after successful login","startTime":1530500242051,"endTime":1530500273115,"childRecords":[{"testStatus":{"stackTrace":"","statusValue":"INFO"},"type":"MESSAGE","name":"","message":"Evaluating variables for test case","startTime":1530500242069,"endTime":0,"childRecords":[],"interuppted":false},{"testStatus":{"stackTrace":"","statusValue":"INFO"},"type":"MESSAGE","name":"","message":"Variable \u0027Username\u0027 is set to John Doe","startTime":1530500242069,"endTime":0,"childRecords":[],"interuppted":false},{"testStatus":{"stackTrace":"","statusValue":"INFO"},"type":"MESSAGE","name":"","message":"Variable \u0027Password\u0027 is set to ThisIsNotAPassword","startTime":1530500242070,"endTime":0,"childRecords":[],"interuppted":false},{"attachment":"1530500272872.png","index":1,"isIgnoredIfFailed":false,"type":"TEST_STEP","name":"click","message":"Unable to click on object \u0027Object Repository/Page_CuraHomepage/btn_MakeAppointment\u0027 (Root cause: com.kms.katalon.core.webui.exception.WebElementNotFoundException: Web element with id: \u0027Object Repository/Page_CuraHomepage/btn_MakeAppointment\u0027 located by \u0027By.xpath: //*[@id \u003d \u0027btn-make-appointment\u0027]\u0027 not found)","description":"","startTime":1530500242209,"endTime":1530500273113,"childRecords":[{"testStatus":{"stackTrace":"","statusValue":"FAILED"},"attachment":"1530500272872.png","type":"MESSAGE","name":"","message":"Unable to click on object \u0027Object Repository/Page_CuraHomepage/btn_MakeAppointment\u0027 (Root cause: com.kms.katalon.core.webui.exception.WebElementNotFoundException: Web element with id: \u0027Object Repository/Page_CuraHomepage/btn_MakeAppointment\u0027 located by \u0027By.xpath: //*[@id \u003d \u0027btn-make-appointment\u0027]\u0027 not found)","startTime":1530500273112,"endTime":0,"childRecords":[],"interuppted":false}],"interuppted":false},{"testStatus":{"stackTrace":"","statusValue":"FAILED"},"type":"MESSAGE","name":"","message":"Test Cases/Common Test Cases/Login FAILED because (of) Unable to click on object \u0027Object Repository/Page_CuraHomepage/btn_MakeAppointment\u0027 (Root cause: com.kms.katalon.core.webui.exception.WebElementNotFoundException: Web element with id: \u0027Object Repository/Page_CuraHomepage/btn_MakeAppointment\u0027 located by \u0027By.xpath: //*[@id \u003d \u0027btn-make-appointment\u0027]\u0027 not found)","startTime":1530500273113,"endTime":0,"childRecords":[],"interuppted":false}],"interuppted":false},{"testStatus":{"stackTrace":"","statusValue":"FAILED"},"type":"MESSAGE","name":"","message":"Unable to call Test Case with id \u0027Test Cases/Common Test Cases/Login\u0027 (Root cause: Call Test Case \u0027Test Cases/Common Test Cases/Login\u0027 failed)","startTime":1530500273119,"endTime":0,"childRecords":[],"interuppted":false}],"interuppted":false},{"testStatus":{"stackTrace":"","statusValue":"FAILED"},"type":"MESSAGE","name":"","message":"Test Cases/Main Test Cases/TC2_Verify Successful Appointment FAILED because (of) Unable to click on object \u0027Object Repository/Page_CuraHomepage/btn_MakeAppointment\u0027 (Root cause: com.kms.katalon.core.webui.exception.WebElementNotFoundException: Web element with id: \u0027Object Repository/Page_CuraHomepage/btn_MakeAppointment\u0027 located by \u0027By.xpath: //*[@id \u003d \u0027btn-make-appointment\u0027]\u0027 not found)","startTime":1530500273119,"endTime":0,"childRecords":[],"interuppted":false}],"interuppted":false},{"isOptional":false,"type":"TEST_CASE","name":"Test Cases/Main Test Cases/A failed test case","id":"Test Cases/Main Test Cases/A failed test case","source":"c:\\\\data\\\\katalon-projects\\\\python-test\\\\Test Cases\\\\Main Test Cases\\\\A failed test case.tc","message":"Test Cases/Main Test Cases/A failed test case FAILED because (of) Unable to verify alert present (Root cause: No alert found after 100 second(s).)","description":"","startTime":1530500273124,"endTime":1530500378530,"childRecords":[{"testStatus":{"stackTrace":"","statusValue":"INFO"},"type":"MESSAGE","name":"","message":"Evaluating variables for test case","startTime":1530500273134,"endTime":0,"childRecords":[],"interuppted":false},{"index":1,"isIgnoredIfFailed":false,"type":"TEST_STEP","name":"openBrowser","message":"Browser is opened with url: \u0027https://google.com\u0027","description":"","startTime":1530500273433,"endTime":1530500277125,"childRecords":[{"testStatus":{"stackTrace":"","statusValue":"WARNING"},"type":"MESSAGE","name":"","message":"A browser is already opened. Closing browser and opening a new one","startTime":1530500273434,"endTime":0,"childRecords":[],"interuppted":false},{"testStatus":{"stackTrace":"","statusValue":"PASSED"},"type":"MESSAGE","name":"","message":"Browser is opened with url: \u0027https://google.com\u0027","startTime":1530500277124,"endTime":0,"childRecords":[],"interuppted":false}],"interuppted":false},{"attachment":"1530500378284.png","index":2,"isIgnoredIfFailed":false,"type":"TEST_STEP","name":"verifyAlertPresent","message":"Unable to verify alert present (Root cause: No alert found after 100 second(s).)","description":"","startTime":1530500277126,"endTime":1530500378528,"childRecords":[{"testStatus":{"stackTrace":"","statusValue":"FAILED"},"attachment":"1530500378021.png","type":"MESSAGE","name":"","message":"No alert found after 100 second(s).","startTime":1530500378284,"endTime":0,"childRecords":[],"interuppted":false},{"testStatus":{"stackTrace":"","statusValue":"FAILED"},"attachment":"1530500378284.png","type":"MESSAGE","name":"","message":"Unable to verify alert present (Root cause: No alert found after 100 second(s).)","startTime":1530500378528,"endTime":0,"childRecords":[],"interuppted":false}],"interuppted":false},{"testStatus":{"stackTrace":"","statusValue":"FAILED"},"type":"MESSAGE","name":"","message":"Test Cases/Main Test Cases/A failed test case FAILED because (of) Unable to verify alert present (Root cause: No alert found after 100 second(s).)","startTime":1530500378529,"endTime":0,"childRecords":[],"interuppted":false}],"interuppted":false}],"interuppted":false}